SF:lib/application/exceptions.dart
DA:3,9
DA:7,1
DA:8,1
DA:12,8
DA:16,2
LF:5
LH:5
end_of_record
SF:lib/data/datasources/imdb_api.dart
DA:11,1
DA:15,1
DA:16,2
DA:17,4
DA:18,1
DA:20,3
DA:21,2
DA:22,2
DA:27,1
DA:28,2
DA:29,4
DA:30,1
DA:32,3
DA:33,2
DA:34,2
DA:39,2
DA:43,4
DA:44,1
DA:45,3
DA:49,3
DA:50,0
LF:21
LH:20
end_of_record
SF:lib/data/models/movie_detail_response.dart
DA:5,9
DA:39,1
DA:40,1
DA:41,1
DA:42,1
DA:43,1
DA:44,1
DA:45,1
DA:46,1
DA:47,1
DA:48,1
DA:49,7
DA:50,7
DA:51,7
DA:52,7
DA:53,1
DA:54,1
DA:55,1
DA:59,0
LF:19
LH:18
end_of_record
SF:lib/data/models/movie_search_response.dart
DA:5,9
DA:17,1
DA:18,1
DA:19,1
DA:20,1
DA:21,5
DA:22,1
DA:26,0
LF:8
LH:7
end_of_record
SF:lib/data/datasources/storage_service.dart
DA:7,1
DA:13,1
DA:14,2
DA:17,1
DA:18,2
DA:21,2
DA:25,4
DA:26,3
DA:27,3
DA:31,3
LF:10
LH:10
end_of_record
SF:lib/data/models/key_value.dart
DA:2,3
DA:10,2
DA:11,2
DA:12,2
DA:13,2
LF:5
LH:5
end_of_record
SF:lib/data/models/name.dart
DA:2,2
DA:7,1
DA:8,1
DA:9,1
DA:10,1
LF:5
LH:5
end_of_record
SF:lib/data/models/movie_summary.dart
DA:2,2
DA:16,1
DA:17,1
DA:18,1
DA:19,1
DA:20,1
DA:21,1
DA:22,1
LF:8
LH:8
end_of_record
SF:lib/presentation/detail/movie_detail_page.dart
DA:9,1
DA:13,1
DA:15,1
DA:16,1
DA:17,1
DA:18,1
DA:21,1
DA:22,1
DA:23,2
DA:29,8
DA:30,1
DA:32,1
DA:33,2
DA:34,0
DA:37,1
DA:39,4
DA:40,2
DA:41,1
DA:43,3
DA:45,3
DA:47,3
DA:49,3
DA:51,1
DA:52,1
DA:60,4
LF:25
LH:24
end_of_record
SF:lib/presentation/widgets/bubble_text.dart
DA:4,2
DA:8,1
DA:10,1
DA:13,1
DA:14,1
DA:17,2
LF:6
LH:6
end_of_record
SF:lib/presentation/widgets/detail_divider.dart
DA:4,7
DA:6,1
LF:2
LH:2
end_of_record
SF:lib/presentation/widgets/detail_name_section.dart
DA:5,1
DA:9,1
DA:14,1
DA:16,1
DA:17,1
DA:18,1
DA:20,1
DA:21,6
DA:22,1
DA:25,6
LF:10
LH:10
end_of_record
SF:lib/presentation/search/movie_summary_card.dart
DA:8,2
DA:15,1
DA:23,2
DA:25,2
DA:27,2
DA:28,0
DA:29,0
DA:30,0
DA:31,0
DA:32,0
DA:33,0
DA:37,2
DA:38,2
DA:39,2
DA:41,2
DA:42,2
DA:43,0
DA:46,2
DA:47,2
DA:49,2
DA:50,2
DA:51,2
DA:58,2
DA:59,2
LF:24
LH:17
end_of_record
SF:lib/presentation/search/search_page_controller.dart
DA:10,0
DA:15,0
DA:16,0
DA:17,0
DA:20,0
DA:21,0
DA:22,0
DA:25,0
DA:26,0
DA:27,0
DA:33,0
DA:36,3
DA:37,0
DA:38,0
LF:14
LH:1
end_of_record
SF:lib/presentation/search/search_page.dart
DA:13,1
DA:17,1
DA:18,1
DA:29,1
DA:31,1
DA:32,1
DA:33,3
DA:34,1
DA:35,1
DA:37,1
DA:38,0
DA:39,0
DA:40,0
DA:51,1
DA:52,1
DA:53,1
DA:54,1
DA:55,1
DA:56,1
DA:57,1
DA:58,1
DA:60,1
DA:62,1
DA:67,1
DA:68,1
DA:70,1
DA:71,1
DA:79,1
DA:81,1
DA:83,1
DA:84,1
DA:87,3
DA:88,2
DA:89,1
DA:90,1
DA:92,1
DA:100,1
DA:101,2
DA:102,4
DA:103,1
DA:104,1
DA:106,1
DA:107,4
DA:108,4
DA:109,4
DA:110,4
DA:111,4
DA:122,1
DA:123,6
DA:124,1
DA:125,0
DA:126,0
DA:128,0
DA:129,0
DA:131,2
DA:132,2
DA:133,1
DA:136,2
DA:137,2
DA:138,1
LF:60
LH:53
end_of_record
SF:lib/presentation/settings/settings_page.dart
DA:7,7
DA:9,0
DA:10,0
DA:19,0
DA:21,0
DA:22,0
DA:23,0
DA:27,0
DA:29,0
DA:30,0
DA:31,0
DA:32,0
DA:33,0
DA:35,0
DA:36,0
DA:37,0
DA:38,0
DA:43,0
DA:44,0
DA:45,0
DA:46,0
DA:47,0
DA:49,0
DA:50,0
DA:61,0
DA:62,0
DA:63,0
DA:64,0
DA:65,0
LF:29
LH:1
end_of_record
